# JRE version: OpenJDK Runtime Environment (8.0_152-b01) (build 1.8.0_152-release-915-b01)
# Java VM: OpenJDK 64-Bit Server VM (25.152-b01 mixed mode linux-amd64 compressed oops)
Heap:
 PSYoungGen      total 484352K, used 0K [0x00000000e0000000, 0x0000000100000000, 0x0000000100000000)
  eden space 448512K, 0% used [0x00000000e0000000,0x00000000e0000000,0x00000000fb600000)
  from space 35840K, 0% used [0x00000000fb600000,0x00000000fb600000,0x00000000fd900000)
  to   space 39936K, 0% used [0x00000000fd900000,0x00000000fd900000,0x0000000100000000)
 ParOldGen       total 138240K, used 129662K [0x00000000a0000000, 0x00000000a8700000, 0x00000000e0000000)
  object space 138240K, 93% used [0x00000000a0000000,0x00000000a7e9fb80,0x00000000a8700000)
 Metaspace       used 76405K, capacity 79886K, committed 80856K, reserved 1120256K
  class space    used 9537K, capacity 10328K, committed 10496K, reserved 1048576K
GC Heap History (10 events):
Event: 47,356 GC heap after
Heap after GC invocations=21 (full 4):
 PSYoungGen      total 359936K, used 19080K [0x00000000e0000000, 0x00000000fd080000, 0x0000000100000000)
  eden space 332800K, 0% used [0x00000000e0000000,0x00000000e0000000,0x00000000f4500000)
  from space 27136K, 70% used [0x00000000f4500000,0x00000000f57a22a8,0x00000000f5f80000)
  to   space 28672K, 0% used [0x00000000fb480000,0x00000000fb480000,0x00000000fd080000)
 ParOldGen       total 122368K, used 56763K [0x00000000a0000000, 0x00000000a7780000, 0x00000000e0000000)
  object space 122368K, 46% used [0x00000000a0000000,0x00000000a376efd0,0x00000000a7780000)
 Metaspace       used 63230K, capacity 65558K, committed 65752K, reserved 1105920K
  class space    used 8263K, capacity 8828K, committed 8960K, reserved 1048576K
}
Event: 288,508 GC heap before
{Heap before GC invocations=22 (full 4):
 PSYoungGen      total 359936K, used 351880K [0x00000000e0000000, 0x00000000fd080000, 0x0000000100000000)
  eden space 332800K, 100% used [0x00000000e0000000,0x00000000f4500000,0x00000000f4500000)
  from space 27136K, 70% used [0x00000000f4500000,0x00000000f57a22a8,0x00000000f5f80000)
  to   space 28672K, 0% used [0x00000000fb480000,0x00000000fb480000,0x00000000fd080000)
 ParOldGen       total 122368K, used 56763K [0x00000000a0000000, 0x00000000a7780000, 0x00000000e0000000)
  object space 122368K, 46% used [0x00000000a0000000,0x00000000a376efd0,0x00000000a7780000)
 Metaspace       used 72103K, capacity 75016K, committed 75224K, reserved 1114112K
  class space    used 9259K, capacity 9915K, committed 9984K, reserved 1048576K
Event: 290,265 GC heap after
Heap after GC invocations=22 (full 4):
 PSYoungGen      total 436736K, used 28644K [0x00000000e0000000, 0x00000000fde00000, 0x0000000100000000)
  eden space 408064K, 0% used [0x00000000e0000000,0x00000000e0000000,0x00000000f8e80000)
  from space 28672K, 99% used [0x00000000fb480000,0x00000000fd0792a8,0x00000000fd080000)
  to   space 38912K, 0% used [0x00000000f8e80000,0x00000000f8e80000,0x00000000fb480000)
 ParOldGen       total 122368K, used 72286K [0x00000000a0000000, 0x00000000a7780000, 0x00000000e0000000)
  object space 122368K, 59% used [0x00000000a0000000,0x00000000a46979f0,0x00000000a7780000)
 Metaspace       used 72103K, capacity 75016K, committed 75224K, reserved 1114112K
  class space    used 9259K, capacity 9915K, committed 9984K, reserved 1048576K
}
Event: 848,942 GC heap before
{Heap before GC invocations=23 (full 4):
 PSYoungGen      total 436736K, used 436708K [0x00000000e0000000, 0x00000000fde00000, 0x0000000100000000)
  eden space 408064K, 100% used [0x00000000e0000000,0x00000000f8e80000,0x00000000f8e80000)
  from space 28672K, 99% used [0x00000000fb480000,0x00000000fd0792a8,0x00000000fd080000)
  to   space 38912K, 0% used [0x00000000f8e80000,0x00000000f8e80000,0x00000000fb480000)
 ParOldGen       total 122368K, used 72286K [0x00000000a0000000, 0x00000000a7780000, 0x00000000e0000000)
  object space 122368K, 59% used [0x00000000a0000000,0x00000000a46979f0,0x00000000a7780000)
 Metaspace       used 75295K, capacity 78454K, committed 78552K, reserved 1118208K
  class space    used 9485K, capacity 10214K, committed 10240K, reserved 1048576K
Event: 849,625 GC heap after
Heap after GC invocations=23 (full 4):
 PSYoungGen      total 446976K, used 15704K [0x00000000e0000000, 0x0000000100000000, 0x0000000100000000)
  eden space 408064K, 0% used [0x00000000e0000000,0x00000000e0000000,0x00000000f8e80000)
  from space 38912K, 40% used [0x00000000f8e80000,0x00000000f9dd6048,0x00000000fb480000)
  to   space 36864K, 0% used [0x00000000fdc00000,0x00000000fdc00000,0x0000000100000000)
 ParOldGen       total 122368K, used 77377K [0x00000000a0000000, 0x00000000a7780000, 0x00000000e0000000)
  object space 122368K, 63% used [0x00000000a0000000,0x00000000a4b90528,0x00000000a7780000)
 Metaspace       used 75295K, capacity 78454K, committed 78552K, reserved 1118208K
  class space    used 9485K, capacity 10214K, committed 10240K, reserved 1048576K
}
Event: 855,437 GC heap before
{Heap before GC invocations=24 (full 4):
 PSYoungGen      total 446976K, used 423768K [0x00000000e0000000, 0x0000000100000000, 0x0000000100000000)
  eden space 408064K, 100% used [0x00000000e0000000,0x00000000f8e80000,0x00000000f8e80000)
  from space 38912K, 40% used [0x00000000f8e80000,0x00000000f9dd6048,0x00000000fb480000)
  to   space 36864K, 0% used [0x00000000fdc00000,0x00000000fdc00000,0x0000000100000000)
 ParOldGen       total 122368K, used 77377K [0x00000000a0000000, 0x00000000a7780000, 0x00000000e0000000)
  object space 122368K, 63% used [0x00000000a0000000,0x00000000a4b90528,0x00000000a7780000)
 Metaspace       used 76120K, capacity 79380K, committed 79704K, reserved 1118208K
  class space    used 9542K, capacity 10285K, committed 10368K, reserved 1048576K
Event: 855,515 GC heap after
Heap after GC invocations=24 (full 4):
 PSYoungGen      total 481280K, used 10387K [0x00000000e0000000, 0x00000000ffc00000, 0x0000000100000000)
  eden space 448512K, 0% used [0x00000000e0000000,0x00000000e0000000,0x00000000fb600000)
  from space 32768K, 31% used [0x00000000fdc00000,0x00000000fe624da8,0x00000000ffc00000)
  to   space 35840K, 0% used [0x00000000fb600000,0x00000000fb600000,0x00000000fd900000)
 ParOldGen       total 122368K, used 89920K [0x00000000a0000000, 0x00000000a7780000, 0x00000000e0000000)
  object space 122368K, 73% used [0x00000000a0000000,0x00000000a57d0028,0x00000000a7780000)
 Metaspace       used 76120K, capacity 79380K, committed 79704K, reserved 1118208K
  class space    used 9542K, capacity 10285K, committed 10368K, reserved 1048576K
}
Event: 1360,452 GC heap before
{Heap before GC invocations=25 (full 4):
 PSYoungGen      total 481280K, used 458899K [0x00000000e0000000, 0x00000000ffc00000, 0x0000000100000000)
  eden space 448512K, 100% used [0x00000000e0000000,0x00000000fb600000,0x00000000fb600000)
  from space 32768K, 31% used [0x00000000fdc00000,0x00000000fe624da8,0x00000000ffc00000)
  to   space 35840K, 0% used [0x00000000fb600000,0x00000000fb600000,0x00000000fd900000)
 ParOldGen       total 122368K, used 89920K [0x00000000a0000000, 0x00000000a7780000, 0x00000000e0000000)
  object space 122368K, 73% used [0x00000000a0000000,0x00000000a57d0028,0x00000000a7780000)
 Metaspace       used 77034K, capacity 80592K, committed 80856K, reserved 1120256K
  class space    used 9621K, capacity 10419K, committed 10496K, reserved 1048576K
Event: 1360,816 GC heap after
Heap after GC invocations=25 (full 4):
 PSYoungGen      total 484352K, used 35808K [0x00000000e0000000, 0x0000000100000000, 0x0000000100000000)
  eden space 448512K, 0% used [0x00000000e0000000,0x00000000e0000000,0x00000000fb600000)
  from space 35840K, 99% used [0x00000000fb600000,0x00000000fd8f8230,0x00000000fd900000)
  to   space 39936K, 0% used [0x00000000fd900000,0x00000000fd900000,0x0000000100000000)
 ParOldGen       total 138240K, used 137729K [0x00000000a0000000, 0x00000000a8700000, 0x00000000e0000000)
  object space 138240K, 99% used [0x00000000a0000000,0x00000000a8680570,0x00000000a8700000)
 Metaspace       used 77034K, capacity 80592K, committed 80856K, reserved 1120256K
  class space    used 9621K, capacity 10419K, committed 10496K, reserved 1048576K
}
Event: 1360,821 GC heap before
{Heap before GC invocations=26 (full 5):
 PSYoungGen      total 484352K, used 35808K [0x00000000e0000000, 0x0000000100000000, 0x0000000100000000)
  eden space 448512K, 0% used [0x00000000e0000000,0x00000000e0000000,0x00000000fb600000)
  from space 35840K, 99% used [0x00000000fb600000,0x00000000fd8f8230,0x00000000fd900000)
  to   space 39936K, 0% used [0x00000000fd900000,0x00000000fd900000,0x0000000100000000)
 ParOldGen       total 138240K, used 137729K [0x00000000a0000000, 0x00000000a8700000, 0x00000000e0000000)
  object space 138240K, 99% used [0x00000000a0000000,0x00000000a8680570,0x00000000a8700000)
 Metaspace       used 77034K, capacity 80592K, committed 80856K, reserved 1120256K
  class space    used 9621K, capacity 10419K, committed 10496K, reserved 1048576K

